This file contains any messages produced by compilers while
running configure, to aid debugging if configure makes a mistake.

It was created by configure, which was
generated by GNU Autoconf 2.59.  Invocation command line was

  $ ./configure 

## --------- ##
## Platform. ##
## --------- ##

hostname = steak
uname -m = i686
uname -r = 2.6.5-1.tmb.5mdkcustom
uname -s = Linux
uname -v = #1 Sun May 2 22:03:36 CEST 2004

/usr/bin/uname -p = unknown
/bin/uname -X     = unknown

/bin/arch              = i686
/usr/bin/arch -k       = unknown
/usr/convex/getsysinfo = unknown
hostinfo               = unknown
/bin/machine           = unknown
/usr/bin/oslevel       = unknown
/bin/universe          = unknown

PATH: /usr//bin
PATH: /bin
PATH: /usr/bin
PATH: .
PATH: /usr/local/bin
PATH: /usr/X11R6/bin/
PATH: /usr/games
PATH: /usr/games
PATH: /usr/lib/news/bin
PATH: /home/steak/bin
PATH: /usr/games
PATH: /usr/lib/news/bin


## ----------- ##
## Core tests. ##
## ----------- ##

configure:1543: checking build system type
configure:1561: result: i686-pc-linux-gnu
configure:1569: checking host system type
configure:1583: result: i686-pc-linux-gnu
configure:1591: checking target system type
configure:1605: result: i686-pc-linux-gnu
configure:1652: checking for a BSD-compatible install
configure:1707: result: /usr//bin/install -c
configure:1722: checking for -p flag to install
configure:1735: result: yes
configure:1746: checking whether build environment is sane
configure:1789: result: yes
configure:1809: checking for gawk
configure:1825: found /usr//bin/gawk
configure:1835: result: gawk
configure:1845: checking whether make sets $(MAKE)
configure:1865: result: yes
configure:2071: checking for style of include used by make
configure:2099: result: GNU
configure:2246: checking for gcc
configure:2262: found /usr//bin/gcc
configure:2272: result: gcc
configure:2516: checking for C compiler version
configure:2519: gcc --version </dev/null >&5
gcc (GCC) 3.3.2 (Mandrake Linux 10.0 3.3.2-6mdk)
Copyright (C) 2003 Free Software Foundation, Inc.
This is free software; see the source for copying conditions.  There is NO
warranty; not even for MERCHANTABILITY or FITNESS FOR A PARTICULAR PURPOSE.

configure:2522: $? = 0
configure:2524: gcc -v </dev/null >&5
Reading specs from /usr/lib/gcc-lib/i586-mandrake-linux-gnu/3.3.2/specs
Configured with: ../configure --prefix=/usr --libdir=/usr/lib --with-slibdir=/lib --mandir=/usr/share/man --infodir=/usr/share/info --enable-shared --enable-threads=posix --disable-checking --enable-long-long --enable-__cxa_atexit --enable-clocale=gnu --enable-languages=c,c++,ada,f77,objc,java,pascal --host=i586-mandrake-linux-gnu --with-system-zlib
Thread model: posix
gcc version 3.3.2 (Mandrake Linux 10.0 3.3.2-6mdk)
configure:2527: $? = 0
configure:2529: gcc -V </dev/null >&5
gcc: `-V' option must have argument
configure:2532: $? = 1
configure:2555: checking for C compiler default output file name
configure:2558: gcc     conftest.c  >&5
configure:2561: $? = 0
configure:2607: result: a.out
configure:2612: checking whether the C compiler works
configure:2618: ./a.out
configure:2621: $? = 0
configure:2638: result: yes
configure:2645: checking whether we are cross compiling
configure:2647: result: no
configure:2650: checking for suffix of executables
configure:2652: gcc -o conftest     conftest.c  >&5
configure:2655: $? = 0
configure:2680: result: 
configure:2686: checking for suffix of object files
configure:2707: gcc -c    conftest.c >&5
configure:2710: $? = 0
configure:2732: result: o
configure:2736: checking whether we are using the GNU C compiler
configure:2760: gcc -c    conftest.c >&5
configure:2766: $? = 0
configure:2769: test -z 			 || test ! -s conftest.err
configure:2772: $? = 0
configure:2775: test -s conftest.o
configure:2778: $? = 0
configure:2791: result: yes
configure:2797: checking whether gcc accepts -g
configure:2818: gcc -c -g  conftest.c >&5
configure:2824: $? = 0
configure:2827: test -z 			 || test ! -s conftest.err
configure:2830: $? = 0
configure:2833: test -s conftest.o
configure:2836: $? = 0
configure:2847: result: yes
configure:2864: checking for gcc option to accept ANSI C
configure:2934: gcc  -c    conftest.c >&5
configure:2940: $? = 0
configure:2943: test -z 			 || test ! -s conftest.err
configure:2946: $? = 0
configure:2949: test -s conftest.o
configure:2952: $? = 0
configure:2970: result: none needed
configure:2988: gcc -c    conftest.c >&5
conftest.c:2: error: parse error before "me"
configure:2994: $? = 1
configure: failed program was:
| #ifndef __cplusplus
|   choke me
| #endif
configure:3126: checking dependency style of gcc
configure:3188: result: gcc3
configure:3199: checking how to run the C preprocessor
configure:3234: gcc -E  conftest.c
configure:3240: $? = 0
configure:3272: gcc -E  conftest.c
conftest.c:11:28: ac_nonexistent.h: No such file or directory
configure:3278: $? = 1
configure: failed program was:
| /* confdefs.h.  */
| 
| #define PACKAGE_NAME ""
| #define PACKAGE_TARNAME ""
| #define PACKAGE_VERSION ""
| #define PACKAGE_STRING ""
| #define PACKAGE_BUGREPORT ""
| #define PACKAGE "qrezix"
| #define VERSION "3.0.8"
| /* end confdefs.h.  */
| #include <ac_nonexistent.h>
configure:3317: result: gcc -E
configure:3341: gcc -E  conftest.c
configure:3347: $? = 0
configure:3379: gcc -E  conftest.c
conftest.c:11:28: ac_nonexistent.h: No such file or directory
configure:3385: $? = 1
configure: failed program was:
| /* confdefs.h.  */
| 
| #define PACKAGE_NAME ""
| #define PACKAGE_TARNAME ""
| #define PACKAGE_VERSION ""
| #define PACKAGE_STRING ""
| #define PACKAGE_BUGREPORT ""
| #define PACKAGE "qrezix"
| #define VERSION "3.0.8"
| /* end confdefs.h.  */
| #include <ac_nonexistent.h>
configure:3509: checking for g++
configure:3525: found /usr//bin/g++
configure:3535: result: g++
configure:3551: checking for C++ compiler version
configure:3554: g++ --version </dev/null >&5
g++ (GCC) 3.3.2 (Mandrake Linux 10.0 3.3.2-6mdk)
Copyright (C) 2003 Free Software Foundation, Inc.
This is free software; see the source for copying conditions.  There is NO
warranty; not even for MERCHANTABILITY or FITNESS FOR A PARTICULAR PURPOSE.

configure:3557: $? = 0
configure:3559: g++ -v </dev/null >&5
Reading specs from /usr/lib/gcc-lib/i586-mandrake-linux-gnu/3.3.2/specs
Configured with: ../configure --prefix=/usr --libdir=/usr/lib --with-slibdir=/lib --mandir=/usr/share/man --infodir=/usr/share/info --enable-shared --enable-threads=posix --disable-checking --enable-long-long --enable-__cxa_atexit --enable-clocale=gnu --enable-languages=c,c++,ada,f77,objc,java,pascal --host=i586-mandrake-linux-gnu --with-system-zlib
Thread model: posix
gcc version 3.3.2 (Mandrake Linux 10.0 3.3.2-6mdk)
configure:3562: $? = 0
configure:3564: g++ -V </dev/null >&5
g++: `-V' option must have argument
configure:3567: $? = 1
configure:3570: checking whether we are using the GNU C++ compiler
configure:3594: g++ -c    conftest.cc >&5
configure:3600: $? = 0
configure:3603: test -z 			 || test ! -s conftest.err
configure:3606: $? = 0
configure:3609: test -s conftest.o
configure:3612: $? = 0
configure:3625: result: yes
configure:3631: checking whether g++ accepts -g
configure:3652: g++ -c -g  conftest.cc >&5
configure:3658: $? = 0
configure:3661: test -z 			 || test ! -s conftest.err
configure:3664: $? = 0
configure:3667: test -s conftest.o
configure:3670: $? = 0
configure:3681: result: yes
configure:3723: g++ -c    conftest.cc >&5
configure:3729: $? = 0
configure:3732: test -z 			 || test ! -s conftest.err
configure:3735: $? = 0
configure:3738: test -s conftest.o
configure:3741: $? = 0
configure:3767: g++ -c    conftest.cc >&5
conftest.cc: In function `int main()':
conftest.cc:15: error: `exit' undeclared (first use this function)
conftest.cc:15: error: (Each undeclared identifier is reported only once for each function it appears in.)
configure:3773: $? = 1
configure: failed program was:
| /* confdefs.h.  */
| 
| #define PACKAGE_NAME ""
| #define PACKAGE_TARNAME ""
| #define PACKAGE_VERSION ""
| #define PACKAGE_STRING ""
| #define PACKAGE_BUGREPORT ""
| #define PACKAGE "qrezix"
| #define VERSION "3.0.8"
| /* end confdefs.h.  */
| 
| int
| main ()
| {
| exit (42);
|   ;
|   return 0;
| }
configure:3723: g++ -c    conftest.cc >&5
configure:3729: $? = 0
configure:3732: test -z 			 || test ! -s conftest.err
configure:3735: $? = 0
configure:3738: test -s conftest.o
configure:3741: $? = 0
configure:3767: g++ -c    conftest.cc >&5
configure:3773: $? = 0
configure:3776: test -z 			 || test ! -s conftest.err
configure:3779: $? = 0
configure:3782: test -s conftest.o
configure:3785: $? = 0
configure:3810: checking dependency style of g++
configure:3872: result: gcc3
configure:4183: checking whether g++ supports -Wundef
configure:4219: rm -rf SunWS_cache; g++ -o conftest -Wall -pedantic -W -Wpointer-arith -Wmissing-prototypes -Wwrite-strings -ansi -D_XOPEN_SOURCE=500 -D_BSD_SOURCE -Wcast-align -Wconversion -O2   -Wundef   conftest.cc  1>&5
configure:4225: $? = 0
configure:4228: test -z 			 || test ! -s conftest.err
configure:4231: $? = 0
configure:4234: test -s conftest
configure:4237: $? = 0
configure:4258: result: yes
configure:4270: checking whether g++ supports -Wno-long-long
configure:4306: rm -rf SunWS_cache; g++ -o conftest -Wundef -Wall -pedantic -W -Wpointer-arith -Wmissing-prototypes -Wwrite-strings -ansi -D_XOPEN_SOURCE=500 -D_BSD_SOURCE -Wcast-align -Wconversion -O2   -Wno-long-long   conftest.cc  1>&5
configure:4312: $? = 0
configure:4315: test -z 			 || test ! -s conftest.err
configure:4318: $? = 0
configure:4321: test -s conftest
configure:4324: $? = 0
configure:4345: result: yes
configure:4357: checking whether g++ supports -Wnon-virtual-dtor
configure:4393: rm -rf SunWS_cache; g++ -o conftest -Wno-long-long -Wundef -Wall -pedantic -W -Wpointer-arith -Wmissing-prototypes -Wwrite-strings -ansi -D_XOPEN_SOURCE=500 -D_BSD_SOURCE -Wcast-align -Wconversion -O2   -Wnon-virtual-dtor   conftest.cc  1>&5
configure:4399: $? = 0
configure:4402: test -z 			 || test ! -s conftest.err
configure:4405: $? = 0
configure:4408: test -s conftest
configure:4411: $? = 0
configure:4432: result: yes
configure:4452: checking whether g++ supports -fno-exceptions
configure:4488: rm -rf SunWS_cache; g++ -o conftest -Wnon-virtual-dtor -Wno-long-long -Wundef -Wall -pedantic -W -Wpointer-arith -Wmissing-prototypes -Wwrite-strings -ansi -D_XOPEN_SOURCE=500 -D_BSD_SOURCE -Wcast-align -Wconversion -O2   -fno-exceptions   conftest.cc  1>&5
configure:4494: $? = 0
configure:4497: test -z 			 || test ! -s conftest.err
configure:4500: $? = 0
configure:4503: test -s conftest
configure:4506: $? = 0
configure:4527: result: yes
configure:4539: checking whether g++ supports -fno-check-new
configure:4575: rm -rf SunWS_cache; g++ -o conftest -Wnon-virtual-dtor -Wno-long-long -Wundef -Wall -pedantic -W -Wpointer-arith -Wmissing-prototypes -Wwrite-strings -ansi -D_XOPEN_SOURCE=500 -D_BSD_SOURCE -Wcast-align -Wconversion -O2   -fno-exceptions -fno-check-new   conftest.cc  1>&5
configure:4581: $? = 0
configure:4584: test -z 			 || test ! -s conftest.err
configure:4587: $? = 0
configure:4590: test -s conftest
configure:4593: $? = 0
configure:4614: result: yes
configure:4626: checking whether g++ supports -fexceptions
configure:4662: rm -rf SunWS_cache; g++ -o conftest -Wnon-virtual-dtor -Wno-long-long -Wundef -Wall -pedantic -W -Wpointer-arith -Wmissing-prototypes -Wwrite-strings -ansi -D_XOPEN_SOURCE=500 -D_BSD_SOURCE -Wcast-align -Wconversion -O2   -fno-exceptions -fno-check-new -fexceptions   conftest.cc  1>&5
configure:4668: $? = 0
configure:4671: test -z 			 || test ! -s conftest.err
configure:4674: $? = 0
configure:4677: test -s conftest
configure:4680: $? = 0
configure:4701: result: yes
configure:5356: checking how to run the C++ preprocessor
configure:5387: g++ -E  conftest.cc
configure:5393: $? = 0
configure:5425: g++ -E  conftest.cc
conftest.cc:14:28: ac_nonexistent.h: No such file or directory
configure:5431: $? = 1
configure: failed program was:
| /* confdefs.h.  */
| 
| #define PACKAGE_NAME ""
| #define PACKAGE_TARNAME ""
| #define PACKAGE_VERSION ""
| #define PACKAGE_STRING ""
| #define PACKAGE_BUGREPORT ""
| #define PACKAGE "qrezix"
| #define VERSION "3.0.8"
| #ifdef __cplusplus
| extern "C" void std::exit (int) throw (); using std::exit;
| #endif
| /* end confdefs.h.  */
| #include <ac_nonexistent.h>
configure:5470: result: g++ -E
configure:5494: g++ -E  conftest.cc
configure:5500: $? = 0
configure:5532: g++ -E  conftest.cc
conftest.cc:14:28: ac_nonexistent.h: No such file or directory
configure:5538: $? = 1
configure: failed program was:
| /* confdefs.h.  */
| 
| #define PACKAGE_NAME ""
| #define PACKAGE_TARNAME ""
| #define PACKAGE_VERSION ""
| #define PACKAGE_STRING ""
| #define PACKAGE_BUGREPORT ""
| #define PACKAGE "qrezix"
| #define VERSION "3.0.8"
| #ifdef __cplusplus
| extern "C" void std::exit (int) throw (); using std::exit;
| #endif
| /* end confdefs.h.  */
| #include <ac_nonexistent.h>
configure:5604: checking whether g++ supports -frepo
configure:5640: rm -rf SunWS_cache; g++ -o conftest -Wnon-virtual-dtor -Wno-long-long -Wundef -Wall -pedantic -W -Wpointer-arith -Wmissing-prototypes -Wwrite-strings -ansi -D_XOPEN_SOURCE=500 -D_BSD_SOURCE -Wcast-align -Wconversion -O2 -fno-exceptions -fno-check-new -frepo   conftest.cc  1>&5
conftest.cc:1: warning: -frepo must be used with -c
configure:5646: $? = 0
configure:5649: test -z 			 || test ! -s conftest.err
configure:5652: $? = 0
configure:5655: test -s conftest
configure:5658: $? = 0
configure:5679: result: yes
configure:5900: result: not using lib directory suffix
configure:5956: checking for ld used by GCC
configure:6020: result: /usr//bin/ld
configure:6029: checking if the linker (/usr//bin/ld) is GNU ld
GNU ld version 2.14.90.0.7 20031029
configure:6041: result: yes
configure:6046: checking for /usr//bin/ld option to reload object files
configure:6053: result: -r
configure:6062: checking for BSD-compatible nm
configure:6097: result: /usr//bin/nm -B
configure:6101: checking for a sed that does not truncate output
configure:6177: result: 
configure:6180: checking whether ln -s works
configure:6184: result: yes
configure:6191: checking how to recognise dependant libraries
configure:6378: result: pass_all
configure:6448: gcc -c -ansi -W -Wall -pedantic -Wshadow -Wpointer-arith -Wmissing-prototypes -Wwrite-strings -D_XOPEN_SOURCE=500 -D_BSD_SOURCE -O2    conftest.c >&5
configure:6451: $? = 0
configure:6546: checking for egrep
configure:6556: result: grep -E
configure:6561: checking for ANSI C header files
configure:6586: gcc -c -ansi -W -Wall -pedantic -Wshadow -Wpointer-arith -Wmissing-prototypes -Wwrite-strings -D_XOPEN_SOURCE=500 -D_BSD_SOURCE -O2    conftest.c >&5
configure:6592: $? = 0
configure:6595: test -z 			 || test ! -s conftest.err
configure:6598: $? = 0
configure:6601: test -s conftest.o
configure:6604: $? = 0
configure:6690: gcc -o conftest -ansi -W -Wall -pedantic -Wshadow -Wpointer-arith -Wmissing-prototypes -Wwrite-strings -D_XOPEN_SOURCE=500 -D_BSD_SOURCE -O2     conftest.c  >&5
conftest.c: In function `main':
conftest.c:33: warning: implicit declaration of function `exit'
configure:6693: $? = 0
configure:6695: ./conftest
configure:6698: $? = 0
configure:6713: result: yes
configure:6737: checking for sys/types.h
configure:6753: gcc -c -ansi -W -Wall -pedantic -Wshadow -Wpointer-arith -Wmissing-prototypes -Wwrite-strings -D_XOPEN_SOURCE=500 -D_BSD_SOURCE -O2    conftest.c >&5
configure:6759: $? = 0
configure:6762: test -z 			 || test ! -s conftest.err
configure:6765: $? = 0
configure:6768: test -s conftest.o
configure:6771: $? = 0
configure:6782: result: yes
configure:6737: checking for sys/stat.h
configure:6753: gcc -c -ansi -W -Wall -pedantic -Wshadow -Wpointer-arith -Wmissing-prototypes -Wwrite-strings -D_XOPEN_SOURCE=500 -D_BSD_SOURCE -O2    conftest.c >&5
configure:6759: $? = 0
configure:6762: test -z 			 || test ! -s conftest.err
configure:6765: $? = 0
configure:6768: test -s conftest.o
configure:6771: $? = 0
configure:6782: result: yes
configure:6737: checking for stdlib.h
configure:6753: gcc -c -ansi -W -Wall -pedantic -Wshadow -Wpointer-arith -Wmissing-prototypes -Wwrite-strings -D_XOPEN_SOURCE=500 -D_BSD_SOURCE -O2    conftest.c >&5
configure:6759: $? = 0
configure:6762: test -z 			 || test ! -s conftest.err
configure:6765: $? = 0
configure:6768: test -s conftest.o
configure:6771: $? = 0
configure:6782: result: yes
configure:6737: checking for string.h
configure:6753: gcc -c -ansi -W -Wall -pedantic -Wshadow -Wpointer-arith -Wmissing-prototypes -Wwrite-strings -D_XOPEN_SOURCE=500 -D_BSD_SOURCE -O2    conftest.c >&5
configure:6759: $? = 0
configure:6762: test -z 			 || test ! -s conftest.err
configure:6765: $? = 0
configure:6768: test -s conftest.o
configure:6771: $? = 0
configure:6782: result: yes
configure:6737: checking for memory.h
configure:6753: gcc -c -ansi -W -Wall -pedantic -Wshadow -Wpointer-arith -Wmissing-prototypes -Wwrite-strings -D_XOPEN_SOURCE=500 -D_BSD_SOURCE -O2    conftest.c >&5
configure:6759: $? = 0
configure:6762: test -z 			 || test ! -s conftest.err
configure:6765: $? = 0
configure:6768: test -s conftest.o
configure:6771: $? = 0
configure:6782: result: yes
configure:6737: checking for strings.h
configure:6753: gcc -c -ansi -W -Wall -pedantic -Wshadow -Wpointer-arith -Wmissing-prototypes -Wwrite-strings -D_XOPEN_SOURCE=500 -D_BSD_SOURCE -O2    conftest.c >&5
configure:6759: $? = 0
configure:6762: test -z 			 || test ! -s conftest.err
configure:6765: $? = 0
configure:6768: test -s conftest.o
configure:6771: $? = 0
configure:6782: result: yes
configure:6737: checking for inttypes.h
configure:6753: gcc -c -ansi -W -Wall -pedantic -Wshadow -Wpointer-arith -Wmissing-prototypes -Wwrite-strings -D_XOPEN_SOURCE=500 -D_BSD_SOURCE -O2    conftest.c >&5
configure:6759: $? = 0
configure:6762: test -z 			 || test ! -s conftest.err
configure:6765: $? = 0
configure:6768: test -s conftest.o
configure:6771: $? = 0
configure:6782: result: yes
configure:6737: checking for stdint.h
configure:6753: gcc -c -ansi -W -Wall -pedantic -Wshadow -Wpointer-arith -Wmissing-prototypes -Wwrite-strings -D_XOPEN_SOURCE=500 -D_BSD_SOURCE -O2    conftest.c >&5
configure:6759: $? = 0
configure:6762: test -z 			 || test ! -s conftest.err
configure:6765: $? = 0
configure:6768: test -s conftest.o
configure:6771: $? = 0
configure:6782: result: yes
configure:6737: checking for unistd.h
configure:6753: gcc -c -ansi -W -Wall -pedantic -Wshadow -Wpointer-arith -Wmissing-prototypes -Wwrite-strings -D_XOPEN_SOURCE=500 -D_BSD_SOURCE -O2    conftest.c >&5
configure:6759: $? = 0
configure:6762: test -z 			 || test ! -s conftest.err
configure:6765: $? = 0
configure:6768: test -s conftest.o
configure:6771: $? = 0
configure:6782: result: yes
configure:6808: checking dlfcn.h usability
configure:6820: gcc -c -ansi -W -Wall -pedantic -Wshadow -Wpointer-arith -Wmissing-prototypes -Wwrite-strings -D_XOPEN_SOURCE=500 -D_BSD_SOURCE -O2    conftest.c >&5
configure:6826: $? = 0
configure:6829: test -z 			 || test ! -s conftest.err
configure:6832: $? = 0
configure:6835: test -s conftest.o
configure:6838: $? = 0
configure:6848: result: yes
configure:6852: checking dlfcn.h presence
configure:6862: gcc -E  conftest.c
configure:6868: $? = 0
configure:6888: result: yes
configure:6923: checking for dlfcn.h
configure:6930: result: yes
configure:6947: checking the maximum length of command line arguments
configure:6995: result: 32768
configure:7006: checking command to parse /usr//bin/nm -B output from gcc object
configure:7091: gcc -c -ansi -W -Wall -pedantic -Wshadow -Wpointer-arith -Wmissing-prototypes -Wwrite-strings -D_XOPEN_SOURCE=500 -D_BSD_SOURCE -O2    conftest.c >&5
conftest.c:5: warning: no previous prototype for `nm_test_func'
configure:7094: $? = 0
configure:7098: /usr//bin/nm -B conftest.o \| sed -n -e 's/^.*[ 	]\([ABCDGISTW][ABCDGISTW]*\)[ 	][ 	]*\(\)\([_A-Za-z][_A-Za-z0-9]*\)$/\1 \2\3 \3/p' \> conftest.nm
configure:7101: $? = 0
configure:7153: gcc -o conftest -ansi -W -Wall -pedantic -Wshadow -Wpointer-arith -Wmissing-prototypes -Wwrite-strings -D_XOPEN_SOURCE=500 -D_BSD_SOURCE -O2     conftest.c conftstm.o >&5
configure:7156: $? = 0
configure:7194: result: ok
configure:7198: checking for objdir
configure:7213: result: .libs
configure:7303: checking for ranlib
configure:7319: found /usr//bin/ranlib
configure:7330: result: ranlib
configure:7383: checking for strip
configure:7399: found /usr//bin/strip
configure:7410: result: strip
configure:7673: checking if gcc static flag  works
conftest.c:1: warning: return type defaults to `int'
configure:7696: result: no
configure:7713: checking if gcc supports -fno-rtti -fno-exceptions
cc1: warning: "-fno-rtti" is valid for C++ but not for C/ObjC
cc1: warning: "-fno-rtti" is valid for C++ but not for C/ObjC
configure:7737: result: no
configure:7752: checking for gcc option to produce PIC
configure:7905: result: -fPIC
configure:7912: checking if gcc PIC flag -fPIC works
configure:7936: result: yes
configure:7960: checking if gcc supports -c -o file.o
configure:8001: result: yes
configure:8027: checking whether the gcc linker (/usr//bin/ld) supports shared libraries
configure:8828: result: yes
configure:8850: checking whether -lc should be explicitly linked in
configure:8855: gcc -c -ansi -W -Wall -pedantic -Wshadow -Wpointer-arith -Wmissing-prototypes -Wwrite-strings -D_XOPEN_SOURCE=500 -D_BSD_SOURCE -O2    conftest.c >&5
conftest.c:1: warning: `dummy' defined but not used
configure:8858: $? = 0
configure:8872: gcc -shared conftest.o  -v -Wl,-soname -Wl,conftest -o conftest 2\>\&1 \| grep  -lc  \>/dev/null 2\>\&1
configure:8875: $? = 0
configure:8887: result: no
configure:8893: checking how to hardcode library paths into programs
configure:8917: result: immediate
configure:8931: checking whether stripping libraries is possible
configure:8936: result: yes
configure:8943: checking dynamic linker characteristics
configure:9394: result: GNU/Linux ld.so
configure:10117: checking if libtool supports shared libraries
configure:10119: result: yes
configure:10122: checking whether to build shared libraries
configure:10143: result: yes
configure:10146: checking whether to build static libraries
configure:10150: result: no
configure:10229: creating libtool
configure:10954: checking whether the g++ linker (/usr//bin/ld) supports shared libraries
configure:11627: result: yes
configure:11644: g++ -c -Wnon-virtual-dtor -Wno-long-long -Wundef -Wall -pedantic -W -Wpointer-arith -Wmissing-prototypes -Wwrite-strings -ansi -D_XOPEN_SOURCE=500 -D_BSD_SOURCE -Wcast-align -Wconversion -O2 -fno-exceptions -fno-check-new  conftest.cc >&5
configure:11647: $? = 0
configure:11747: checking for g++ option to produce PIC
configure:11983: result: -fPIC
configure:11990: checking if g++ PIC flag -fPIC works
configure:12014: result: yes
configure:12038: checking if g++ supports -c -o file.o
configure:12079: result: yes
configure:12105: checking whether the g++ linker (/usr//bin/ld) supports shared libraries
configure:12127: result: yes
configure:12149: checking whether -lc should be explicitly linked in
configure:12154: g++ -c -Wnon-virtual-dtor -Wno-long-long -Wundef -Wall -pedantic -W -Wpointer-arith -Wmissing-prototypes -Wwrite-strings -ansi -D_XOPEN_SOURCE=500 -D_BSD_SOURCE -Wcast-align -Wconversion -O2 -fno-exceptions -fno-check-new  conftest.cc >&5
conftest.cc:1: warning: `int dummy' defined but not used
configure:12157: $? = 0
configure:12171: g++ -shared -nostdlib  conftest.o   -v -Wl,-soname -Wl,conftest -o conftest 2\>\&1 \| grep  -lc  \>/dev/null 2\>\&1
configure:12174: $? = 1
configure:12186: result: yes
configure:12192: checking how to hardcode library paths into programs
configure:12216: result: immediate
configure:12230: checking whether stripping libraries is possible
configure:12235: result: yes
configure:12242: checking dynamic linker characteristics
configure:12693: result: GNU/Linux ld.so
configure:13832: checking if gcj supports -fno-rtti -fno-exceptions
configure:13856: result: no
configure:13871: checking for gcj option to produce PIC
configure:14024: result: -fPIC
configure:14031: checking if gcj PIC flag -fPIC works
configure:14055: result: no
configure:14079: checking if gcj supports -c -o file.o
configure:14120: result: no
configure:14146: checking whether the gcj linker (/usr//bin/ld) supports shared libraries
configure:14947: result: yes
configure:14969: checking whether -lc should be explicitly linked in
configure:14974: gcj -c -ansi -W -Wall -pedantic -Wshadow -Wpointer-arith -Wmissing-prototypes -Wwrite-strings -D_XOPEN_SOURCE=500 -D_BSD_SOURCE -O2    conftest.java >&5
./configure: line 1: gcj: command not found
configure:14977: $? = 127
configure:15006: result: yes
configure:15012: checking how to hardcode library paths into programs
configure:15036: result: immediate
configure:15050: checking whether stripping libraries is possible
configure:15055: result: yes
configure:15062: checking dynamic linker characteristics
configure:15513: result: GNU/Linux ld.so
configure:17130: checking for main in -lutil
configure:17154: gcc -o conftest -ansi -W -Wall -pedantic -Wshadow -Wpointer-arith -Wmissing-prototypes -Wwrite-strings -D_XOPEN_SOURCE=500 -D_BSD_SOURCE -O2     conftest.c -lutil   >&5
configure:17160: $? = 0
configure:17163: test -z 			 || test ! -s conftest.err
configure:17166: $? = 0
configure:17169: test -s conftest
configure:17172: $? = 0
configure:17185: result: yes
configure:17191: checking for main in -lcompat
configure:17215: gcc -o conftest -ansi -W -Wall -pedantic -Wshadow -Wpointer-arith -Wmissing-prototypes -Wwrite-strings -D_XOPEN_SOURCE=500 -D_BSD_SOURCE -O2     conftest.c -lcompat   >&5
/usr//bin/ld: cannot find -lcompat
collect2: ld returned 1 exit status
configure:17221: $? = 1
configure: failed program was:
| /* confdefs.h.  */
| 
| #define PACKAGE_NAME ""
| #define PACKAGE_TARNAME ""
| #define PACKAGE_VERSION ""
| #define PACKAGE_STRING ""
| #define PACKAGE_BUGREPORT ""
| #define PACKAGE "qrezix"
| #define VERSION "3.0.8"
| #ifdef __cplusplus
| extern "C" void std::exit (int) throw (); using std::exit;
| #endif
| #define HAVE_TEMPLATE_REPOSITORY 1
| #define KDELIBSUFF ""
| #define STDC_HEADERS 1
| #define HAVE_SYS_TYPES_H 1
| #define HAVE_SYS_STAT_H 1
| #define HAVE_STDLIB_H 1
| #define HAVE_STRING_H 1
| #define HAVE_MEMORY_H 1
| #define HAVE_STRINGS_H 1
| #define HAVE_INTTYPES_H 1
| #define HAVE_STDINT_H 1
| #define HAVE_UNISTD_H 1
| #define HAVE_DLFCN_H 1
| /* end confdefs.h.  */
| 
| 
| int
| main ()
| {
| main ();
|   ;
|   return 0;
| }
configure:17246: result: no
configure:17253: checking for crypt in -lcrypt
configure:17283: gcc -o conftest -ansi -W -Wall -pedantic -Wshadow -Wpointer-arith -Wmissing-prototypes -Wwrite-strings -D_XOPEN_SOURCE=500 -D_BSD_SOURCE -O2     conftest.c -lcrypt   >&5
configure:17289: $? = 0
configure:17292: test -z 			 || test ! -s conftest.err
configure:17295: $? = 0
configure:17298: test -s conftest
configure:17301: $? = 0
configure:17314: result: yes
configure:17407: checking for socklen_t
configure:17446: g++ -c -Wnon-virtual-dtor -Wno-long-long -Wundef -Wall -pedantic -W -Wpointer-arith -Wmissing-prototypes -Wwrite-strings -ansi -D_XOPEN_SOURCE=500 -D_BSD_SOURCE -Wcast-align -Wconversion -O2 -fno-exceptions -fno-check-new  conftest.cc >&5
configure:17452: $? = 0
configure:17455: test -z 			 || test ! -s conftest.err
configure:17458: $? = 0
configure:17461: test -s conftest.o
configure:17464: $? = 0
configure:17535: result: socklen_t
configure:17557: checking for dnet_ntoa in -ldnet
configure:17587: gcc -o conftest -ansi -W -Wall -pedantic -Wshadow -Wpointer-arith -Wmissing-prototypes -Wwrite-strings -D_XOPEN_SOURCE=500 -D_BSD_SOURCE -O2     conftest.c -ldnet   >&5
/usr//bin/ld: cannot find -ldnet
collect2: ld returned 1 exit status
configure:17593: $? = 1
configure: failed program was:
| /* confdefs.h.  */
| 
| #define PACKAGE_NAME ""
| #define PACKAGE_TARNAME ""
| #define PACKAGE_VERSION ""
| #define PACKAGE_STRING ""
| #define PACKAGE_BUGREPORT ""
| #define PACKAGE "qrezix"
| #define VERSION "3.0.8"
| #ifdef __cplusplus
| extern "C" void std::exit (int) throw (); using std::exit;
| #endif
| #define HAVE_TEMPLATE_REPOSITORY 1
| #define KDELIBSUFF ""
| #define STDC_HEADERS 1
| #define HAVE_SYS_TYPES_H 1
| #define HAVE_SYS_STAT_H 1
| #define HAVE_STDLIB_H 1
| #define HAVE_STRING_H 1
| #define HAVE_MEMORY_H 1
| #define HAVE_STRINGS_H 1
| #define HAVE_INTTYPES_H 1
| #define HAVE_STDINT_H 1
| #define HAVE_UNISTD_H 1
| #define HAVE_DLFCN_H 1
| #define HAVE_CRYPT 1
| #define ksize_t socklen_t
| /* end confdefs.h.  */
| 
| /* Override any gcc2 internal prototype to avoid an error.  */
| #ifdef __cplusplus
| extern "C"
| #endif
| /* We use char because int might match the return type of a gcc2
|    builtin and then its argument prototype would still apply.  */
| char dnet_ntoa ();
| int
| main ()
| {
| dnet_ntoa ();
|   ;
|   return 0;
| }
configure:17618: result: no
configure:17625: checking for dnet_ntoa in -ldnet_stub
configure:17655: gcc -o conftest -ansi -W -Wall -pedantic -Wshadow -Wpointer-arith -Wmissing-prototypes -Wwrite-strings -D_XOPEN_SOURCE=500 -D_BSD_SOURCE -O2     conftest.c -ldnet_stub   >&5
/usr//bin/ld: cannot find -ldnet_stub
collect2: ld returned 1 exit status
configure:17661: $? = 1
configure: failed program was:
| /* confdefs.h.  */
| 
| #define PACKAGE_NAME ""
| #define PACKAGE_TARNAME ""
| #define PACKAGE_VERSION ""
| #define PACKAGE_STRING ""
| #define PACKAGE_BUGREPORT ""
| #define PACKAGE "qrezix"
| #define VERSION "3.0.8"
| #ifdef __cplusplus
| extern "C" void std::exit (int) throw (); using std::exit;
| #endif
| #define HAVE_TEMPLATE_REPOSITORY 1
| #define KDELIBSUFF ""
| #define STDC_HEADERS 1
| #define HAVE_SYS_TYPES_H 1
| #define HAVE_SYS_STAT_H 1
| #define HAVE_STDLIB_H 1
| #define HAVE_STRING_H 1
| #define HAVE_MEMORY_H 1
| #define HAVE_STRINGS_H 1
| #define HAVE_INTTYPES_H 1
| #define HAVE_STDINT_H 1
| #define HAVE_UNISTD_H 1
| #define HAVE_DLFCN_H 1
| #define HAVE_CRYPT 1
| #define ksize_t socklen_t
| /* end confdefs.h.  */
| 
| /* Override any gcc2 internal prototype to avoid an error.  */
| #ifdef __cplusplus
| extern "C"
| #endif
| /* We use char because int might match the return type of a gcc2
|    builtin and then its argument prototype would still apply.  */
| char dnet_ntoa ();
| int
| main ()
| {
| dnet_ntoa ();
|   ;
|   return 0;
| }
configure:17686: result: no
configure:17693: checking for inet_ntoa
configure:17750: gcc -o conftest -ansi -W -Wall -pedantic -Wshadow -Wpointer-arith -Wmissing-prototypes -Wwrite-strings -D_XOPEN_SOURCE=500 -D_BSD_SOURCE -O2     conftest.c  >&5
configure:17756: $? = 0
configure:17759: test -z 			 || test ! -s conftest.err
configure:17762: $? = 0
configure:17765: test -s conftest
configure:17768: $? = 0
configure:17780: result: yes
configure:17852: checking for connect
configure:17909: gcc -o conftest -ansi -W -Wall -pedantic -Wshadow -Wpointer-arith -Wmissing-prototypes -Wwrite-strings -D_XOPEN_SOURCE=500 -D_BSD_SOURCE -O2     conftest.c  >&5
configure:17915: $? = 0
configure:17918: test -z 			 || test ! -s conftest.err
configure:17921: $? = 0
configure:17924: test -s conftest
configure:17927: $? = 0
configure:17939: result: yes
configure:18012: checking for remove
configure:18069: gcc -o conftest -ansi -W -Wall -pedantic -Wshadow -Wpointer-arith -Wmissing-prototypes -Wwrite-strings -D_XOPEN_SOURCE=500 -D_BSD_SOURCE -O2     conftest.c  >&5
configure:18075: $? = 0
configure:18078: test -z 			 || test ! -s conftest.err
configure:18081: $? = 0
configure:18084: test -s conftest
configure:18087: $? = 0
configure:18099: result: yes
configure:18173: checking for shmat
configure:18230: gcc -o conftest -ansi -W -Wall -pedantic -Wshadow -Wpointer-arith -Wmissing-prototypes -Wwrite-strings -D_XOPEN_SOURCE=500 -D_BSD_SOURCE -O2     conftest.c  >&5
configure:18236: $? = 0
configure:18239: test -z 			 || test ! -s conftest.err
configure:18242: $? = 0
configure:18245: test -s conftest
configure:18248: $? = 0
configure:18260: result: yes
configure:18350: checking crt_externs.h usability
configure:18362: gcc -c -ansi -W -Wall -pedantic -Wshadow -Wpointer-arith -Wmissing-prototypes -Wwrite-strings -D_XOPEN_SOURCE=500 -D_BSD_SOURCE -O2    conftest.c >&5
conftest.c:63:25: crt_externs.h: No such file or directory
configure:18368: $? = 1
configure: failed program was:
| /* confdefs.h.  */
| 
| #define PACKAGE_NAME ""
| #define PACKAGE_TARNAME ""
| #define PACKAGE_VERSION ""
| #define PACKAGE_STRING ""
| #define PACKAGE_BUGREPORT ""
| #define PACKAGE "qrezix"
| #define VERSION "3.0.8"
| #ifdef __cplusplus
| extern "C" void std::exit (int) throw (); using std::exit;
| #endif
| #define HAVE_TEMPLATE_REPOSITORY 1
| #define KDELIBSUFF ""
| #define STDC_HEADERS 1
| #define HAVE_SYS_TYPES_H 1
| #define HAVE_SYS_STAT_H 1
| #define HAVE_STDLIB_H 1
| #define HAVE_STRING_H 1
| #define HAVE_MEMORY_H 1
| #define HAVE_STRINGS_H 1
| #define HAVE_INTTYPES_H 1
| #define HAVE_STDINT_H 1
| #define HAVE_UNISTD_H 1
| #define HAVE_DLFCN_H 1
| #define HAVE_CRYPT 1
| #define ksize_t socklen_t
| /* end confdefs.h.  */
| #include <stdio.h>
| #if HAVE_SYS_TYPES_H
| # include <sys/types.h>
| #endif
| #if HAVE_SYS_STAT_H
| # include <sys/stat.h>
| #endif
| #if STDC_HEADERS
| # include <stdlib.h>
| # include <stddef.h>
| #else
| # if HAVE_STDLIB_H
| #  include <stdlib.h>
| # endif
| #endif
| #if HAVE_STRING_H
| # if !STDC_HEADERS && HAVE_MEMORY_H
| #  include <memory.h>
| # endif
| # include <string.h>
| #endif
| #if HAVE_STRINGS_H
| # include <strings.h>
| #endif
| #if HAVE_INTTYPES_H
| # include <inttypes.h>
| #else
| # if HAVE_STDINT_H
| #  include <stdint.h>
| # endif
| #endif
| #if HAVE_UNISTD_H
| # include <unistd.h>
| #endif
| #include <crt_externs.h>
configure:18390: result: no
configure:18394: checking crt_externs.h presence
configure:18404: gcc -E  conftest.c
conftest.c:29:25: crt_externs.h: No such file or directory
configure:18410: $? = 1
configure: failed program was:
| /* confdefs.h.  */
| 
| #define PACKAGE_NAME ""
| #define PACKAGE_TARNAME ""
| #define PACKAGE_VERSION ""
| #define PACKAGE_STRING ""
| #define PACKAGE_BUGREPORT ""
| #define PACKAGE "qrezix"
| #define VERSION "3.0.8"
| #ifdef __cplusplus
| extern "C" void std::exit (int) throw (); using std::exit;
| #endif
| #define HAVE_TEMPLATE_REPOSITORY 1
| #define KDELIBSUFF ""
| #define STDC_HEADERS 1
| #define HAVE_SYS_TYPES_H 1
| #define HAVE_SYS_STAT_H 1
| #define HAVE_STDLIB_H 1
| #define HAVE_STRING_H 1
| #define HAVE_MEMORY_H 1
| #define HAVE_STRINGS_H 1
| #define HAVE_INTTYPES_H 1
| #define HAVE_STDINT_H 1
| #define HAVE_UNISTD_H 1
| #define HAVE_DLFCN_H 1
| #define HAVE_CRYPT 1
| #define ksize_t socklen_t
| /* end confdefs.h.  */
| #include <crt_externs.h>
configure:18430: result: no
configure:18465: checking for crt_externs.h
configure:18472: result: no
configure:18485: checking for _NSGetEnviron
configure:18542: gcc -o conftest -ansi -W -Wall -pedantic -Wshadow -Wpointer-arith -Wmissing-prototypes -Wwrite-strings -D_XOPEN_SOURCE=500 -D_BSD_SOURCE -O2     conftest.c  >&5
/home/steak/tmp/cc6Lda13.o(.text+0xe): In function `main':
: undefined reference to `_NSGetEnviron'
/home/steak/tmp/cc6Lda13.o(.data+0x0): undefined reference to `_NSGetEnviron'
collect2: ld returned 1 exit status
configure:18548: $? = 1
configure: failed program was:
| /* confdefs.h.  */
| 
| #define PACKAGE_NAME ""
| #define PACKAGE_TARNAME ""
| #define PACKAGE_VERSION ""
| #define PACKAGE_STRING ""
| #define PACKAGE_BUGREPORT ""
| #define PACKAGE "qrezix"
| #define VERSION "3.0.8"
| #ifdef __cplusplus
| extern "C" void std::exit (int) throw (); using std::exit;
| #endif
| #define HAVE_TEMPLATE_REPOSITORY 1
| #define KDELIBSUFF ""
| #define STDC_HEADERS 1
| #define HAVE_SYS_TYPES_H 1
| #define HAVE_SYS_STAT_H 1
| #define HAVE_STDLIB_H 1
| #define HAVE_STRING_H 1
| #define HAVE_MEMORY_H 1
| #define HAVE_STRINGS_H 1
| #define HAVE_INTTYPES_H 1
| #define HAVE_STDINT_H 1
| #define HAVE_UNISTD_H 1
| #define HAVE_DLFCN_H 1
| #define HAVE_CRYPT 1
| #define ksize_t socklen_t
| /* end confdefs.h.  */
| /* Define _NSGetEnviron to an innocuous variant, in case <limits.h> declares _NSGetEnviron.
|    For example, HP-UX 11i <limits.h> declares gettimeofday.  */
| #define _NSGetEnviron innocuous__NSGetEnviron
| 
| /* System header to define __stub macros and hopefully few prototypes,
|     which can conflict with char _NSGetEnviron (); below.
|     Prefer <limits.h> to <assert.h> if __STDC__ is defined, since
|     <limits.h> exists even on freestanding compilers.  */
| 
| #ifdef __STDC__
| # include <limits.h>
| #else
| # include <assert.h>
| #endif
| 
| #undef _NSGetEnviron
| 
| /* Override any gcc2 internal prototype to avoid an error.  */
| #ifdef __cplusplus
| extern "C"
| {
| #endif
| /* We use char because int might match the return type of a gcc2
|    builtin and then its argument prototype would still apply.  */
| char _NSGetEnviron ();
| /* The GNU C library defines this for functions which it implements
|     to always fail with ENOSYS.  Some functions are actually named
|     something starting with __ and the normal name is an alias.  */
| #if defined (__stub__NSGetEnviron) || defined (__stub____NSGetEnviron)
| choke me
| #else
| char (*f) () = _NSGetEnviron;
| #endif
| #ifdef __cplusplus
| }
| #endif
| 
| int
| main ()
| {
| return f != _NSGetEnviron;
|   ;
|   return 0;
| }
configure:18572: result: no
configure:18590: checking for sys/types.h
configure:18595: result: yes
configure:18590: checking for stdint.h
configure:18595: result: yes
configure:18736: checking for poll in -lpoll
configure:18766: gcc -o conftest -ansi -W -Wall -pedantic -Wshadow -Wpointer-arith -Wmissing-prototypes -Wwrite-strings -D_XOPEN_SOURCE=500 -D_BSD_SOURCE -O2     conftest.c -lpoll   >&5
/usr//bin/ld: cannot find -lpoll
collect2: ld returned 1 exit status
configure:18772: $? = 1
configure: failed program was:
| /* confdefs.h.  */
| 
| #define PACKAGE_NAME ""
| #define PACKAGE_TARNAME ""
| #define PACKAGE_VERSION ""
| #define PACKAGE_STRING ""
| #define PACKAGE_BUGREPORT ""
| #define PACKAGE "qrezix"
| #define VERSION "3.0.8"
| #ifdef __cplusplus
| extern "C" void std::exit (int) throw (); using std::exit;
| #endif
| #define HAVE_TEMPLATE_REPOSITORY 1
| #define KDELIBSUFF ""
| #define STDC_HEADERS 1
| #define HAVE_SYS_TYPES_H 1
| #define HAVE_SYS_STAT_H 1
| #define HAVE_STDLIB_H 1
| #define HAVE_STRING_H 1
| #define HAVE_MEMORY_H 1
| #define HAVE_STRINGS_H 1
| #define HAVE_INTTYPES_H 1
| #define HAVE_STDINT_H 1
| #define HAVE_UNISTD_H 1
| #define HAVE_DLFCN_H 1
| #define HAVE_CRYPT 1
| #define ksize_t socklen_t
| #define HAVE_SYS_TYPES_H 1
| #define HAVE_STDINT_H 1
| /* end confdefs.h.  */
| 
| /* Override any gcc2 internal prototype to avoid an error.  */
| #ifdef __cplusplus
| extern "C"
| #endif
| /* We use char because int might match the return type of a gcc2
|    builtin and then its argument prototype would still apply.  */
| char poll ();
| int
| main ()
| {
| poll ();
|   ;
|   return 0;
| }
configure:18797: result: no
configure:18815: checking CoreAudio/CoreAudio.h usability
configure:18827: gcc -c -ansi -W -Wall -pedantic -Wshadow -Wpointer-arith -Wmissing-prototypes -Wwrite-strings -D_XOPEN_SOURCE=500 -D_BSD_SOURCE -O2    conftest.c >&5
conftest.c:65:33: CoreAudio/CoreAudio.h: No such file or directory
configure:18833: $? = 1
configure: failed program was:
| /* confdefs.h.  */
| 
| #define PACKAGE_NAME ""
| #define PACKAGE_TARNAME ""
| #define PACKAGE_VERSION ""
| #define PACKAGE_STRING ""
| #define PACKAGE_BUGREPORT ""
| #define PACKAGE "qrezix"
| #define VERSION "3.0.8"
| #ifdef __cplusplus
| extern "C" void std::exit (int) throw (); using std::exit;
| #endif
| #define HAVE_TEMPLATE_REPOSITORY 1
| #define KDELIBSUFF ""
| #define STDC_HEADERS 1
| #define HAVE_SYS_TYPES_H 1
| #define HAVE_SYS_STAT_H 1
| #define HAVE_STDLIB_H 1
| #define HAVE_STRING_H 1
| #define HAVE_MEMORY_H 1
| #define HAVE_STRINGS_H 1
| #define HAVE_INTTYPES_H 1
| #define HAVE_STDINT_H 1
| #define HAVE_UNISTD_H 1
| #define HAVE_DLFCN_H 1
| #define HAVE_CRYPT 1
| #define ksize_t socklen_t
| #define HAVE_SYS_TYPES_H 1
| #define HAVE_STDINT_H 1
| /* end confdefs.h.  */
| #include <stdio.h>
| #if HAVE_SYS_TYPES_H
| # include <sys/types.h>
| #endif
| #if HAVE_SYS_STAT_H
| # include <sys/stat.h>
| #endif
| #if STDC_HEADERS
| # include <stdlib.h>
| # include <stddef.h>
| #else
| # if HAVE_STDLIB_H
| #  include <stdlib.h>
| # endif
| #endif
| #if HAVE_STRING_H
| # if !STDC_HEADERS && HAVE_MEMORY_H
| #  include <memory.h>
| # endif
| # include <string.h>
| #endif
| #if HAVE_STRINGS_H
| # include <strings.h>
| #endif
| #if HAVE_INTTYPES_H
| # include <inttypes.h>
| #else
| # if HAVE_STDINT_H
| #  include <stdint.h>
| # endif
| #endif
| #if HAVE_UNISTD_H
| # include <unistd.h>
| #endif
| #include <CoreAudio/CoreAudio.h>
configure:18855: result: no
configure:18859: checking CoreAudio/CoreAudio.h presence
configure:18869: gcc -E  conftest.c
conftest.c:31:33: CoreAudio/CoreAudio.h: No such file or directory
configure:18875: $? = 1
configure: failed program was:
| /* confdefs.h.  */
| 
| #define PACKAGE_NAME ""
| #define PACKAGE_TARNAME ""
| #define PACKAGE_VERSION ""
| #define PACKAGE_STRING ""
| #define PACKAGE_BUGREPORT ""
| #define PACKAGE "qrezix"
| #define VERSION "3.0.8"
| #ifdef __cplusplus
| extern "C" void std::exit (int) throw (); using std::exit;
| #endif
| #define HAVE_TEMPLATE_REPOSITORY 1
| #define KDELIBSUFF ""
| #define STDC_HEADERS 1
| #define HAVE_SYS_TYPES_H 1
| #define HAVE_SYS_STAT_H 1
| #define HAVE_STDLIB_H 1
| #define HAVE_STRING_H 1
| #define HAVE_MEMORY_H 1
| #define HAVE_STRINGS_H 1
| #define HAVE_INTTYPES_H 1
| #define HAVE_STDINT_H 1
| #define HAVE_UNISTD_H 1
| #define HAVE_DLFCN_H 1
| #define HAVE_CRYPT 1
| #define ksize_t socklen_t
| #define HAVE_SYS_TYPES_H 1
| #define HAVE_STDINT_H 1
| /* end confdefs.h.  */
| #include <CoreAudio/CoreAudio.h>
configure:18895: result: no
configure:18930: checking for CoreAudio/CoreAudio.h
configure:18937: result: no
configure:18956: checking for res_init
configure:19003: g++ -c -Wnon-virtual-dtor -Wno-long-long -Wundef -Wall -pedantic -W -Wpointer-arith -Wmissing-prototypes -Wwrite-strings -ansi -D_XOPEN_SOURCE=500 -D_BSD_SOURCE -Wcast-align -Wconversion -O2 -fno-exceptions -fno-check-new -pedantic-errors  conftest.cc >&5
configure:19009: $? = 0
configure:19012: test -z 			 || test ! -s conftest.err
configure:19015: $? = 0
configure:19018: test -s conftest.o
configure:19021: $? = 0
configure:19043: result: yes
configure:19046: checking if res_init needs custom prototype
configure:19148: result: no
configure:19177: checking for killpg in -lucb
configure:19207: gcc -o conftest -ansi -W -Wall -pedantic -Wshadow -Wpointer-arith -Wmissing-prototypes -Wwrite-strings -D_XOPEN_SOURCE=500 -D_BSD_SOURCE -O2     conftest.c -lucb   >&5
/usr//bin/ld: cannot find -lucb
collect2: ld returned 1 exit status
configure:19213: $? = 1
configure: failed program was:
| /* confdefs.h.  */
| 
| #define PACKAGE_NAME ""
| #define PACKAGE_TARNAME ""
| #define PACKAGE_VERSION ""
| #define PACKAGE_STRING ""
| #define PACKAGE_BUGREPORT ""
| #define PACKAGE "qrezix"
| #define VERSION "3.0.8"
| #ifdef __cplusplus
| extern "C" void std::exit (int) throw (); using std::exit;
| #endif
| #define HAVE_TEMPLATE_REPOSITORY 1
| #define KDELIBSUFF ""
| #define STDC_HEADERS 1
| #define HAVE_SYS_TYPES_H 1
| #define HAVE_SYS_STAT_H 1
| #define HAVE_STDLIB_H 1
| #define HAVE_STRING_H 1
| #define HAVE_MEMORY_H 1
| #define HAVE_STRINGS_H 1
| #define HAVE_INTTYPES_H 1
| #define HAVE_STDINT_H 1
| #define HAVE_UNISTD_H 1
| #define HAVE_DLFCN_H 1
| #define HAVE_CRYPT 1
| #define ksize_t socklen_t
| #define HAVE_SYS_TYPES_H 1
| #define HAVE_STDINT_H 1
| #define HAVE_RES_INIT 1
| #define HAVE_RES_INIT_PROTO 1
| /* end confdefs.h.  */
| 
| /* Override any gcc2 internal prototype to avoid an error.  */
| #ifdef __cplusplus
| extern "C"
| #endif
| /* We use char because int might match the return type of a gcc2
|    builtin and then its argument prototype would still apply.  */
| char killpg ();
| int
| main ()
| {
| killpg ();
|   ;
|   return 0;
| }
configure:19238: result: no
configure:19320: checking for int
configure:19344: gcc -c -ansi -W -Wall -pedantic -Wshadow -Wpointer-arith -Wmissing-prototypes -Wwrite-strings -D_XOPEN_SOURCE=500 -D_BSD_SOURCE -O2    conftest.c >&5
configure:19350: $? = 0
configure:19353: test -z 			 || test ! -s conftest.err
configure:19356: $? = 0
configure:19359: test -s conftest.o
configure:19362: $? = 0
configure:19373: result: yes
configure:19376: checking size of int
configure:19688: gcc -o conftest -ansi -W -Wall -pedantic -Wshadow -Wpointer-arith -Wmissing-prototypes -Wwrite-strings -D_XOPEN_SOURCE=500 -D_BSD_SOURCE -O2     conftest.c  >&5
conftest.c:67: warning: no previous prototype for `longval'
conftest.c:68: warning: no previous prototype for `ulongval'
configure:19691: $? = 0
configure:19693: ./conftest
configure:19696: $? = 0
configure:19719: result: 4
configure:19725: checking for long
configure:19749: gcc -c -ansi -W -Wall -pedantic -Wshadow -Wpointer-arith -Wmissing-prototypes -Wwrite-strings -D_XOPEN_SOURCE=500 -D_BSD_SOURCE -O2    conftest.c >&5
configure:19755: $? = 0
configure:19758: test -z 			 || test ! -s conftest.err
configure:19761: $? = 0
configure:19764: test -s conftest.o
configure:19767: $? = 0
configure:19778: result: yes
configure:19781: checking size of long
configure:20093: gcc -o conftest -ansi -W -Wall -pedantic -Wshadow -Wpointer-arith -Wmissing-prototypes -Wwrite-strings -D_XOPEN_SOURCE=500 -D_BSD_SOURCE -O2     conftest.c  >&5
conftest.c:68: warning: no previous prototype for `longval'
conftest.c:69: warning: no previous prototype for `ulongval'
configure:20096: $? = 0
configure:20098: ./conftest
configure:20101: $? = 0
configure:20124: result: 4
configure:20130: checking for char *
configure:20154: gcc -c -ansi -W -Wall -pedantic -Wshadow -Wpointer-arith -Wmissing-prototypes -Wwrite-strings -D_XOPEN_SOURCE=500 -D_BSD_SOURCE -O2    conftest.c >&5
configure:20160: $? = 0
configure:20163: test -z 			 || test ! -s conftest.err
configure:20166: $? = 0
configure:20169: test -s conftest.o
configure:20172: $? = 0
configure:20183: result: yes
configure:20186: checking size of char *
configure:20498: gcc -o conftest -ansi -W -Wall -pedantic -Wshadow -Wpointer-arith -Wmissing-prototypes -Wwrite-strings -D_XOPEN_SOURCE=500 -D_BSD_SOURCE -O2     conftest.c  >&5
conftest.c:69: warning: no previous prototype for `longval'
conftest.c:70: warning: no previous prototype for `ulongval'
configure:20501: $? = 0
configure:20503: ./conftest
configure:20506: $? = 0
configure:20529: result: 4
configure:20535: checking for char
configure:20559: gcc -c -ansi -W -Wall -pedantic -Wshadow -Wpointer-arith -Wmissing-prototypes -Wwrite-strings -D_XOPEN_SOURCE=500 -D_BSD_SOURCE -O2    conftest.c >&5
configure:20565: $? = 0
configure:20568: test -z 			 || test ! -s conftest.err
configure:20571: $? = 0
configure:20574: test -s conftest.o
configure:20577: $? = 0
configure:20588: result: yes
configure:20591: checking size of char
configure:20903: gcc -o conftest -ansi -W -Wall -pedantic -Wshadow -Wpointer-arith -Wmissing-prototypes -Wwrite-strings -D_XOPEN_SOURCE=500 -D_BSD_SOURCE -O2     conftest.c  >&5
conftest.c:70: warning: no previous prototype for `longval'
conftest.c:71: warning: no previous prototype for `ulongval'
configure:20906: $? = 0
configure:20908: ./conftest
configure:20911: $? = 0
configure:20934: result: 1
configure:20942: checking for dlopen in -ldl
configure:20972: gcc -o conftest -ansi -W -Wall -pedantic -Wshadow -Wpointer-arith -Wmissing-prototypes -Wwrite-strings -D_XOPEN_SOURCE=500 -D_BSD_SOURCE -O2     conftest.c -ldl   >&5
configure:20978: $? = 0
configure:20981: test -z 			 || test ! -s conftest.err
configure:20984: $? = 0
configure:20987: test -s conftest
configure:20990: $? = 0
configure:21003: result: yes
configure:21013: checking for shl_unload in -ldld
configure:21043: gcc -o conftest -ansi -W -Wall -pedantic -Wshadow -Wpointer-arith -Wmissing-prototypes -Wwrite-strings -D_XOPEN_SOURCE=500 -D_BSD_SOURCE -O2     conftest.c -ldld   >&5
/usr//bin/ld: cannot find -ldld
collect2: ld returned 1 exit status
configure:21049: $? = 1
configure: failed program was:
| /* confdefs.h.  */
| 
| #define PACKAGE_NAME ""
| #define PACKAGE_TARNAME ""
| #define PACKAGE_VERSION ""
| #define PACKAGE_STRING ""
| #define PACKAGE_BUGREPORT ""
| #define PACKAGE "qrezix"
| #define VERSION "3.0.8"
| #ifdef __cplusplus
| extern "C" void std::exit (int) throw (); using std::exit;
| #endif
| #define HAVE_TEMPLATE_REPOSITORY 1
| #define KDELIBSUFF ""
| #define STDC_HEADERS 1
| #define HAVE_SYS_TYPES_H 1
| #define HAVE_SYS_STAT_H 1
| #define HAVE_STDLIB_H 1
| #define HAVE_STRING_H 1
| #define HAVE_MEMORY_H 1
| #define HAVE_STRINGS_H 1
| #define HAVE_INTTYPES_H 1
| #define HAVE_STDINT_H 1
| #define HAVE_UNISTD_H 1
| #define HAVE_DLFCN_H 1
| #define HAVE_CRYPT 1
| #define ksize_t socklen_t
| #define HAVE_SYS_TYPES_H 1
| #define HAVE_STDINT_H 1
| #define HAVE_RES_INIT 1
| #define HAVE_RES_INIT_PROTO 1
| #define SIZEOF_INT 4
| #define SIZEOF_LONG 4
| #define SIZEOF_CHAR_P 4
| #define SIZEOF_CHAR 1
| /* end confdefs.h.  */
| 
| /* Override any gcc2 internal prototype to avoid an error.  */
| #ifdef __cplusplus
| extern "C"
| #endif
| /* We use char because int might match the return type of a gcc2
|    builtin and then its argument prototype would still apply.  */
| char shl_unload ();
| int
| main ()
| {
| shl_unload ();
|   ;
|   return 0;
| }
configure:21074: result: no
configure:21095: checking for vsnprintf
configure:21152: gcc -o conftest -ansi -W -Wall -pedantic -Wshadow -Wpointer-arith -Wmissing-prototypes -Wwrite-strings -D_XOPEN_SOURCE=500 -D_BSD_SOURCE -O2     conftest.c  >&5
configure:21158: $? = 0
configure:21161: test -z 			 || test ! -s conftest.err
configure:21164: $? = 0
configure:21167: test -s conftest
configure:21170: $? = 0
configure:21182: result: yes
configure:21095: checking for snprintf
configure:21152: gcc -o conftest -ansi -W -Wall -pedantic -Wshadow -Wpointer-arith -Wmissing-prototypes -Wwrite-strings -D_XOPEN_SOURCE=500 -D_BSD_SOURCE -O2     conftest.c  >&5
configure:21158: $? = 0
configure:21161: test -z 			 || test ! -s conftest.err
configure:21164: $? = 0
configure:21167: test -s conftest
configure:21170: $? = 0
configure:21182: result: yes
configure:21220: checking for X
configure:21265: gcc -E  conftest.c
configure:21271: $? = 0
configure:21362: gcc -o conftest -ansi -W -Wall -pedantic -Wshadow -Wpointer-arith -Wmissing-prototypes -Wwrite-strings -D_XOPEN_SOURCE=500 -D_BSD_SOURCE -O2     conftest.c -lXt  >&5
conftest.c: In function `main':
conftest.c:43: warning: implicit declaration of function `XtMalloc'
/usr//bin/ld: cannot find -lXt
collect2: ld returned 1 exit status
configure:21368: $? = 1
configure: failed program was:
| /* confdefs.h.  */
| 
| #define PACKAGE_NAME ""
| #define PACKAGE_TARNAME ""
| #define PACKAGE_VERSION ""
| #define PACKAGE_STRING ""
| #define PACKAGE_BUGREPORT ""
| #define PACKAGE "qrezix"
| #define VERSION "3.0.8"
| #ifdef __cplusplus
| extern "C" void std::exit (int) throw (); using std::exit;
| #endif
| #define HAVE_TEMPLATE_REPOSITORY 1
| #define KDELIBSUFF ""
| #define STDC_HEADERS 1
| #define HAVE_SYS_TYPES_H 1
| #define HAVE_SYS_STAT_H 1
| #define HAVE_STDLIB_H 1
| #define HAVE_STRING_H 1
| #define HAVE_MEMORY_H 1
| #define HAVE_STRINGS_H 1
| #define HAVE_INTTYPES_H 1
| #define HAVE_STDINT_H 1
| #define HAVE_UNISTD_H 1
| #define HAVE_DLFCN_H 1
| #define HAVE_CRYPT 1
| #define ksize_t socklen_t
| #define HAVE_SYS_TYPES_H 1
| #define HAVE_STDINT_H 1
| #define HAVE_RES_INIT 1
| #define HAVE_RES_INIT_PROTO 1
| #define SIZEOF_INT 4
| #define SIZEOF_LONG 4
| #define SIZEOF_CHAR_P 4
| #define SIZEOF_CHAR 1
| #define HAVE_VSNPRINTF 1
| #define HAVE_SNPRINTF 1
| /* end confdefs.h.  */
| 
| int
| main ()
| {
| XtMalloc()
|   ;
|   return 0;
| }
configure:21526: result: libraries /usr/X11R6/lib, headers /usr/X11R6/include
configure:21560: checking for IceConnectionNumber in -lICE
configure:21590: gcc -o conftest -ansi -W -Wall -pedantic -Wshadow -Wpointer-arith -Wmissing-prototypes -Wwrite-strings -D_XOPEN_SOURCE=500 -D_BSD_SOURCE -O2     -L/usr/X11R6/lib conftest.c -lICE   >&5
configure:21596: $? = 0
configure:21599: test -z 			 || test ! -s conftest.err
configure:21602: $? = 0
configure:21605: test -s conftest
configure:21608: $? = 0
configure:21621: result: yes
configure:21635: checking for libXext
configure:21670: gcc -o conftest -ansi -W -Wall -pedantic -Wshadow -Wpointer-arith -Wmissing-prototypes -Wwrite-strings -D_XOPEN_SOURCE=500 -D_BSD_SOURCE -O2     -L/usr/X11R6/lib  conftest.c -lXext -lX11  >&5
configure:21676: $? = 0
configure:21679: test -z 			 || test ! -s conftest.err
configure:21682: $? = 0
configure:21685: test -s conftest
configure:21688: $? = 0
configure:21707: result: yes
configure:21720: checking for Xinerama
configure:21803: result: no
configure:21921: checking for pthread_create in -lpthread
configure:21951: gcc -o conftest -ansi -W -Wall -pedantic -Wshadow -Wpointer-arith -Wmissing-prototypes -Wwrite-strings -D_XOPEN_SOURCE=500 -D_BSD_SOURCE -O2     conftest.c -lpthread   >&5
configure:21957: $? = 0
configure:21960: test -z 			 || test ! -s conftest.err
configure:21963: $? = 0
configure:21966: test -s conftest
configure:21969: $? = 0
configure:21982: result: yes
configure:22436: checking for extra includes
configure:22464: result: no
configure:22468: checking for extra libs
configure:22497: result: no
configure:22503: checking for libz
configure:22537: gcc -o conftest -ansi -W -Wall -pedantic -Wshadow -Wpointer-arith -Wmissing-prototypes -Wwrite-strings -D_XOPEN_SOURCE=500 -D_BSD_SOURCE -O2   -I/usr/X11R6/include   -D_REENTRANT  conftest.c -L/usr/X11R6/lib  -lz  >&5
configure:22543: $? = 0
configure:22546: test -z 			 || test ! -s conftest.err
configure:22549: $? = 0
configure:22552: test -s conftest
configure:22555: $? = 0
configure:22578: result: -lz
configure:22591: checking for libpng
configure:22633: gcc -o conftest -ansi -W -Wall -pedantic -Wshadow -Wpointer-arith -Wmissing-prototypes -Wwrite-strings -D_XOPEN_SOURCE=500 -D_BSD_SOURCE -O2   -I/usr/X11R6/include   -D_REENTRANT  conftest.c  -L/usr/X11R6/lib  -lpng -lz -lm -lX11  >&5
configure:22639: $? = 0
configure:22642: test -z 			 || test ! -s conftest.err
configure:22645: $? = 0
configure:22648: test -s conftest
configure:22651: $? = 0
configure:22675: result: -lpng -lz -lm
configure:22686: checking for libjpeg6b
configure:22732: gcc -o conftest -ansi -W -Wall -pedantic -Wshadow -Wpointer-arith -Wmissing-prototypes -Wwrite-strings -D_XOPEN_SOURCE=500 -D_BSD_SOURCE -O2   -I/usr/X11R6/include   -D_REENTRANT  conftest.c -L/usr/X11R6/lib  -ljpeg6b -lm >&5
/usr//bin/ld: cannot find -ljpeg6b
collect2: ld returned 1 exit status
configure:22738: $? = 1
configure: failed program was:
| /* confdefs.h.  */
| 
| #define PACKAGE_NAME ""
| #define PACKAGE_TARNAME ""
| #define PACKAGE_VERSION ""
| #define PACKAGE_STRING ""
| #define PACKAGE_BUGREPORT ""
| #define PACKAGE "qrezix"
| #define VERSION "3.0.8"
| #ifdef __cplusplus
| extern "C" void std::exit (int) throw (); using std::exit;
| #endif
| #define HAVE_TEMPLATE_REPOSITORY 1
| #define KDELIBSUFF ""
| #define STDC_HEADERS 1
| #define HAVE_SYS_TYPES_H 1
| #define HAVE_SYS_STAT_H 1
| #define HAVE_STDLIB_H 1
| #define HAVE_STRING_H 1
| #define HAVE_MEMORY_H 1
| #define HAVE_STRINGS_H 1
| #define HAVE_INTTYPES_H 1
| #define HAVE_STDINT_H 1
| #define HAVE_UNISTD_H 1
| #define HAVE_DLFCN_H 1
| #define HAVE_CRYPT 1
| #define ksize_t socklen_t
| #define HAVE_SYS_TYPES_H 1
| #define HAVE_STDINT_H 1
| #define HAVE_RES_INIT 1
| #define HAVE_RES_INIT_PROTO 1
| #define SIZEOF_INT 4
| #define SIZEOF_LONG 4
| #define SIZEOF_CHAR_P 4
| #define SIZEOF_CHAR 1
| #define HAVE_VSNPRINTF 1
| #define HAVE_SNPRINTF 1
| #define HAVE_LIBZ 1
| #define HAVE_LIBPNG 1
| /* end confdefs.h.  */
| /* Override any gcc2 internal prototype to avoid an error.  */
| struct jpeg_decompress_struct;
| typedef struct jpeg_decompress_struct * j_decompress_ptr;
| typedef int size_t;
| #ifdef __cplusplus
| extern "C" {
| #endif
|     void jpeg_CreateDecompress(j_decompress_ptr cinfo,
|                                     int version, size_t structsize);
| #ifdef __cplusplus
| }
| #endif
| /* We use char because int might match the return type of a gcc2
|     builtin and then its argument prototype would still apply.  */
| 
| int
| main ()
| {
| jpeg_CreateDecompress(0L, 0, 0);
|   ;
|   return 0;
| }
configure:22772: result: no
configure:22775: checking for libjpeg
configure:22821: gcc -o conftest -ansi -W -Wall -pedantic -Wshadow -Wpointer-arith -Wmissing-prototypes -Wwrite-strings -D_XOPEN_SOURCE=500 -D_BSD_SOURCE -O2   -I/usr/X11R6/include   -D_REENTRANT  conftest.c -L/usr/X11R6/lib  -ljpeg -lm >&5
configure:22827: $? = 0
configure:22830: test -z 			 || test ! -s conftest.err
configure:22833: $? = 0
configure:22836: test -s conftest
configure:22839: $? = 0
configure:22858: result: -ljpeg
configure: 22885: ${prefix}/include/jpeglib.h
configure: 22885: /usr/include/jpeglib.h
taking that
configure:23055: checking for Qt
configure: 23123: /usr/lib/qt3//include/qstyle.h
taking that
tried NO
configure:23232: rm -rf SunWS_cache; g++ -o conftest -Wnon-virtual-dtor -Wno-long-long -Wundef -Wall -pedantic -W -Wpointer-arith -Wmissing-prototypes -Wwrite-strings -ansi -D_XOPEN_SOURCE=500 -D_BSD_SOURCE -Wcast-align -Wconversion -O2 -fno-exceptions -fno-check-new -I/usr/lib/qt3//include -I/usr/X11R6/include  -DQT_THREAD_SUPPORT  -D_REENTRANT  -L/usr/lib/qt3//lib -L/usr/X11R6/lib   conftest.cc  -lqt-mt -lpng -lz -lm -ljpeg -ldl  -lXext -lX11 -lSM -lICE  -lpthread 1>&5
configure:23235: $? = 0
configure:23294: result: libraries /usr/lib/qt3//lib, headers /usr/lib/qt3//include using -mt
configure:23304: checking if Qt compiles without flags
configure:23401: rm -rf SunWS_cache; g++ -o conftest -Wnon-virtual-dtor -Wno-long-long -Wundef -Wall -pedantic -W -Wpointer-arith -Wmissing-prototypes -Wwrite-strings -ansi -D_XOPEN_SOURCE=500 -D_BSD_SOURCE -Wcast-align -Wconversion -O2 -fno-exceptions -fno-check-new -I/usr/lib/qt3//include  -DQT_THREAD_SUPPORT  -D_REENTRANT  -L/usr/X11R6/lib conftest.cc -lqt-mt -lpng -lz -lm -ljpeg -ldl  -lXext -lX11 -lSM -lICE  -lXext -lX11  1>&5
/usr//bin/ld: cannot find -lqt-mt
collect2: ld returned 1 exit status
configure:23404: $? = 1
configure: failed program was:
#include "confdefs.h"
#include <qglobal.h>
#include <qapplication.h>
#include <qcursor.h>
#include <qstylefactory.h>
#include <private/qucomextra_p.h>
#if ! (QT_VERSION >= 0x030001)
#error 1
#endif

int main() {
    (void)QStyleFactory::create(QString::null);
    QCursor c(Qt::WhatsThisCursor);
    return 0;
}
configure:23437: result: no
configure:23475: checking for moc
configure:23544: result: /usr/lib/qt3//bin/moc
configure:23552: checking for uic
configure:23603: result: /usr/lib/qt3//bin/uic
configure:23631: checking whether uic supports -L 
configure:23642: /usr/lib/qt3//bin/uic -L /nonexistant conftest.ui >/dev/null
configure:23645: $? = 0
configure:23657: result: yes
configure:23669: checking whether uic supports -nounload 
configure:23680: /usr/lib/qt3//bin/uic -nounload  conftest.ui >/dev/null
configure:23683: $? = 0
configure:23695: result: yes
configure:23730: checking if Qt needs -ljpeg
configure:23771: rm -rf SunWS_cache; g++ -o conftest -Wnon-virtual-dtor -Wno-long-long -Wundef -Wall -pedantic -W -Wpointer-arith -Wmissing-prototypes -Wwrite-strings -ansi -D_XOPEN_SOURCE=500 -D_BSD_SOURCE -Wcast-align -Wconversion -O2 -fno-exceptions -fno-check-new -I/usr/lib/qt3//include -I/usr/X11R6/include   -DQT_THREAD_SUPPORT  -D_REENTRANT  conftest.cc -L/usr/X11R6/lib -L/usr/lib/qt3//lib -lqt-mt -lpng -lz -lm  -ldl -lXext -lX11 -lSM -lICE 1>&5
conftest.cc: In function `int main()':
conftest.cc:49: warning: `char**argv' might be used uninitialized in this function
configure:23777: $? = 0
configure:23780: test -z 			 || test ! -s conftest.err
configure:23783: $? = 0
configure:23786: test -s conftest
configure:23789: $? = 0
configure:23817: result: no
configure:25394: checking if debian should be compiled
configure:25406: result: no
configure:25394: checking if doc should be compiled
configure:25406: result: yes
configure:25394: checking if icons should be compiled
configure:25406: result: yes
configure:25394: checking if po should be compiled
configure:25406: result: yes
configure:25394: checking if qrezix should be compiled
configure:25406: result: yes
configure:25543: creating ./config.status

## ---------------------- ##
## Running config.status. ##
## ---------------------- ##

This file was extended by config.status, which was
generated by GNU Autoconf 2.59.  Invocation command line was

  CONFIG_FILES    = 
  CONFIG_HEADERS  = 
  CONFIG_LINKS    = 
  CONFIG_COMMANDS = 
  $ ./config.status 

on steak

config.status:702: creating config.h
config.status:848: config.h is unchanged
config.status:1012: executing depfiles commands

## ---------------- ##
## Cache variables. ##
## ---------------- ##

ac_cv_build=i686-pc-linux-gnu
ac_cv_build_alias=i686-pc-linux-gnu
ac_cv_c_compiler_gnu=yes
ac_cv_cxx_compiler_gnu=yes
ac_cv_env_CC_set=
ac_cv_env_CC_value=
ac_cv_env_CFLAGS_set=
ac_cv_env_CFLAGS_value=
ac_cv_env_CPPFLAGS_set=
ac_cv_env_CPPFLAGS_value=
ac_cv_env_CPP_set=
ac_cv_env_CPP_value=
ac_cv_env_CXXCPP_set=
ac_cv_env_CXXCPP_value=
ac_cv_env_CXXFLAGS_set=
ac_cv_env_CXXFLAGS_value=
ac_cv_env_CXX_set=
ac_cv_env_CXX_value=
ac_cv_env_LDFLAGS_set=
ac_cv_env_LDFLAGS_value=
ac_cv_env_build_alias_set=
ac_cv_env_build_alias_value=
ac_cv_env_host_alias_set=
ac_cv_env_host_alias_value=
ac_cv_env_target_alias_set=
ac_cv_env_target_alias_value=
ac_cv_exeext=
ac_cv_func__NSGetEnviron=no
ac_cv_func_connect=yes
ac_cv_func_inet_ntoa=yes
ac_cv_func_remove=yes
ac_cv_func_shmat=yes
ac_cv_func_snprintf=yes
ac_cv_func_vsnprintf=yes
ac_cv_have_dlfcn=yes
ac_cv_have_qt='have_qt=yes     ac_qt_includes=/usr/lib/qt3//include ac_qt_libraries=/usr/lib/qt3//lib'
ac_cv_have_xinerama=no
ac_cv_header_CoreAudio_CoreAudio_h=no
ac_cv_header_crt_externs_h=no
ac_cv_header_dlfcn_h=yes
ac_cv_header_inttypes_h=yes
ac_cv_header_memory_h=yes
ac_cv_header_stdc=yes
ac_cv_header_stdint_h=yes
ac_cv_header_stdlib_h=yes
ac_cv_header_string_h=yes
ac_cv_header_strings_h=yes
ac_cv_header_sys_stat_h=yes
ac_cv_header_sys_types_h=yes
ac_cv_header_unistd_h=yes
ac_cv_host=i686-pc-linux-gnu
ac_cv_host_alias=i686-pc-linux-gnu
ac_cv_lib_ICE_IceConnectionNumber=yes
ac_cv_lib_compat_main=no
ac_cv_lib_crypt_crypt=yes
ac_cv_lib_dl_dlopen=yes
ac_cv_lib_dld_shl_unload=no
ac_cv_lib_dnet_dnet_ntoa=no
ac_cv_lib_dnet_stub_dnet_ntoa=no
ac_cv_lib_jpeg_6b=no
ac_cv_lib_jpeg_normal=-ljpeg
ac_cv_lib_png='-lpng -lz -lm'
ac_cv_lib_poll_poll=no
ac_cv_lib_pthread_pthread_create=yes
ac_cv_lib_ucb_killpg=no
ac_cv_lib_util_main=yes
ac_cv_lib_z=-lz
ac_cv_objext=o
ac_cv_path_install='/usr//bin/install -c'
ac_cv_prog_AWK=gawk
ac_cv_prog_CPP='gcc -E'
ac_cv_prog_CXXCPP='g++ -E'
ac_cv_prog_ac_ct_CC=gcc
ac_cv_prog_ac_ct_CXX=g++
ac_cv_prog_ac_ct_RANLIB=ranlib
ac_cv_prog_ac_ct_STRIP=strip
ac_cv_prog_cc_g=yes
ac_cv_prog_cc_stdc=
ac_cv_prog_cxx_g=yes
ac_cv_prog_egrep='grep -E'
ac_cv_prog_make_make_set=yes
ac_cv_sizeof_char=1
ac_cv_sizeof_char_p=4
ac_cv_sizeof_int=4
ac_cv_sizeof_long=4
ac_cv_socklen_t=socklen_t
ac_cv_target=i686-pc-linux-gnu
ac_cv_target_alias=i686-pc-linux-gnu
ac_cv_type_char=yes
ac_cv_type_char_p=yes
ac_cv_type_int=yes
ac_cv_type_long=yes
am_cv_CC_dependencies_compiler_type=gcc3
am_cv_CXX_dependencies_compiler_type=gcc3
kde_cv_func_res_init=yes
kde_cv_have_libXext=yes
kde_cv_have_x='have_x=yes          kde_x_includes=/usr/X11R6/include kde_x_libraries=/usr/X11R6/lib'
kde_cv_path=/usr/lib/qt3//bin/uic
kde_cv_path_moc=/usr/lib/qt3//bin/moc
kde_cv_path_uic=/usr/lib/qt3//bin/uic
kde_cv_prog_cxx_Wno_long_long=yes
kde_cv_prog_cxx_Wnon_virtual_dtor=yes
kde_cv_prog_cxx_Wundef=yes
kde_cv_prog_cxx_fexceptions=yes
kde_cv_prog_cxx_fno_check_new=yes
kde_cv_prog_cxx_fno_exceptions=yes
kde_cv_prog_cxx_frepo=yes
kde_cv_prog_uic_L=yes
kde_cv_prog_uic_nounload=yes
kde_cv_proto_res_init=no
kde_cv_qt_direct=no
kde_cv_qt_jpeg=no
lt_cv_deplibs_check_method=pass_all
lt_cv_file_magic_cmd='$MAGIC_CMD'
lt_cv_file_magic_test_file='/lib/libc.so.6 /lib/libc-2.3.3.so'
lt_cv_ld_reload_flag=-r
lt_cv_objdir=.libs
lt_cv_path_LD=/usr//bin/ld
lt_cv_path_NM='/usr//bin/nm -B'
lt_cv_path_SED=/bin/sed
lt_cv_prog_compiler_c_o=yes
lt_cv_prog_compiler_c_o_CXX=yes
lt_cv_prog_compiler_c_o_GCJ=no
lt_cv_prog_compiler_rtti_exceptions=no
lt_cv_prog_gnu_ld=yes
lt_cv_sys_global_symbol_pipe='sed -n -e '\''s/^.*[ 	]\([ABCDGISTW][ABCDGISTW]*\)[ 	][ 	]*\(\)\([_A-Za-z][_A-Za-z0-9]*\)$/\1 \2\3 \3/p'\'''
lt_cv_sys_global_symbol_to_c_name_address='sed -n -e '\''s/^: \([^ ]*\) $/  {\"\1\", (lt_ptr) 0},/p'\'' -e '\''s/^[BCDEGRST] \([^ ]*\) \([^ ]*\)$/  {"\2", (lt_ptr) \&\2},/p'\'''
lt_cv_sys_global_symbol_to_cdecl='sed -n -e '\''s/^. .* \(.*\)$/extern int \1;/p'\'''
lt_cv_sys_max_cmd_len=32768
lt_lt_cv_prog_compiler_c_o='"yes"'
lt_lt_cv_prog_compiler_c_o_CXX='"yes"'
lt_lt_cv_prog_compiler_c_o_GCJ='"no"'
lt_lt_cv_sys_global_symbol_pipe='"sed -n -e '\''s/^.*[ 	]\\([ABCDGISTW][ABCDGISTW]*\\)[ 	][ 	]*\\(\\)\\([_A-Za-z][_A-Za-z0-9]*\\)\$/\\1 \\2\\3 \\3/p'\''"'
lt_lt_cv_sys_global_symbol_to_c_name_address='"sed -n -e '\''s/^: \\([^ ]*\\) \$/  {\\\"\\1\\\", (lt_ptr) 0},/p'\'' -e '\''s/^[BCDEGRST] \\([^ ]*\\) \\([^ ]*\\)\$/  {\"\\2\", (lt_ptr) \\&\\2},/p'\''"'
lt_lt_cv_sys_global_symbol_to_cdecl='"sed -n -e '\''s/^. .* \\(.*\\)\$/extern int \\1;/p'\''"'

## ----------------- ##
## Output variables. ##
## ----------------- ##

ACLOCAL='${SHELL} /home/steak/devel/qrezix/admin/missing --run aclocal-1.6'
AMDEPBACKSLASH='\'
AMDEP_FALSE='#'
AMDEP_TRUE=''
AMTAR='${SHELL} /home/steak/devel/qrezix/admin/missing --run tar'
ARTSCCONFIG=''
AUTOCONF='${SHELL} /home/steak/devel/qrezix/admin/missing --run autoconf'
AUTODIRS=''
AUTOHEADER='${SHELL} /home/steak/devel/qrezix/admin/missing --run autoheader'
AUTOMAKE='${SHELL} /home/steak/devel/qrezix/admin/missing --run automake-1.6'
AWK='gawk'
CC='gcc'
CCDEPMODE='depmode=gcc3'
CFLAGS='-ansi -W -Wall -pedantic -Wshadow -Wpointer-arith -Wmissing-prototypes -Wwrite-strings -D_XOPEN_SOURCE=500 -D_BSD_SOURCE -O2  '
CONF_FILES=' $(top_srcdir)/./admin/configure.in.min $(top_srcdir)/configure.in.in'
CPP='gcc -E'
CPPFLAGS=' -DQT_THREAD_SUPPORT  -D_REENTRANT'
CXX='g++'
CXXCPP='g++ -E'
CXXDEPMODE='depmode=gcc3'
CXXFLAGS='-Wnon-virtual-dtor -Wno-long-long -Wundef -Wall -pedantic -W -Wpointer-arith -Wmissing-prototypes -Wwrite-strings -ansi -D_XOPEN_SOURCE=500 -D_BSD_SOURCE -Wcast-align -Wconversion -O2 -fno-exceptions -fno-check-new'
DCOPIDL2CPP=''
DCOPIDL=''
DCOP_DEPENDENCIES=''
DEFS='-DHAVE_CONFIG_H'
DEPDIR='.deps'
ECHO='echo'
ECHO_C=''
ECHO_N='-n'
ECHO_T=''
EGREP='grep -E'
EXEEXT=''
FRAMEWORK_COREAUDIO=''
GMSGFMT=''
INSTALL_DATA='${INSTALL} -m 644'
INSTALL_PROGRAM='${INSTALL} $(INSTALL_STRIP_FLAG)'
INSTALL_SCRIPT='${INSTALL}'
INSTALL_STRIP_PROGRAM='${SHELL} $(install_sh) -c -s'
KDECONFIG=''
KDE_EXTRA_RPATH=''
KDE_INCLUDES=''
KDE_LDFLAGS=''
KDE_MT_LDFLAGS=''
KDE_MT_LIBS='-lpthread'
KDE_PLUGIN='-avoid-version -module -no-undefined $(KDE_RPATH) $(KDE_MT_LDFLAGS)'
KDE_RPATH=''
KDE_USE_CLOSURE_FALSE='#'
KDE_USE_CLOSURE_TRUE=''
KDE_USE_FINAL_FALSE=''
KDE_USE_FINAL_TRUE='#'
KDE_XSL_STYLESHEET=''
LDFLAGS=''
LIBCOMPAT=''
LIBCRYPT='-lcrypt'
LIBDL='-ldl'
LIBJPEG='-ljpeg'
LIBOBJS=''
LIBPNG='-lpng -lz -lm'
LIBPTHREAD='-lpthread'
LIBRESOLV=''
LIBS=''
LIBSM='-lSM -lICE'
LIBSOCKET=''
LIBTOOL='$(SHELL) $(top_builddir)/libtool --silent'
LIBUCB=''
LIBUTIL='-lutil'
LIBXINERAMA=''
LIBZ='-lz'
LIB_KAB=''
LIB_KDECORE=''
LIB_KDEPRINT=''
LIB_KDEUI=''
LIB_KFILE=''
LIB_KFM=''
LIB_KHTML=''
LIB_KIO=''
LIB_KPARTS=''
LIB_KSPELL=''
LIB_KSYCOCA=''
LIB_POLL=''
LIB_QPE=''
LIB_QT='-lqt-mt  $(LIBPNG) -lXext $(LIB_X11) $(LIBSM) -lpthread'
LIB_SMB=''
LIB_X11='-lX11 $(LIBSOCKET)'
LIB_XEXT='-lXext'
LN_S='ln -s'
LTLIBOBJS=''
MAKEINFO='${SHELL} /home/steak/devel/qrezix/admin/missing --run makeinfo'
MCOPIDL=''
MEINPROC=''
MOC='/usr/lib/qt3//bin/moc'
MSGFMT=''
NOOPT_CFLAGS='-O0'
NOOPT_CXXFLAGS='-O0'
NOREPO='-fno-repo'
OBJEXT='o'
PACKAGE='qrezix'
PACKAGE_BUGREPORT=''
PACKAGE_NAME=''
PACKAGE_STRING=''
PACKAGE_TARNAME=''
PACKAGE_VERSION=''
PATH_SEPARATOR=':'
QTE_NORTTI=''
QT_INCLUDES='-I/usr/lib/qt3//include'
QT_LDFLAGS='-L/usr/lib/qt3//lib'
RANLIB='ranlib'
REPO='-frepo'
SET_MAKE=''
SHELL='/bin/sh'
STRIP='strip'
TOPSUBDIRS=' doc icons po qrezix'
UIC='/usr/lib/qt3//bin/uic -L $(kde_widgetdir) -nounload'
UIC_TR='tr2i18n'
USER_INCLUDES=''
USER_LDFLAGS=''
USE_EXCEPTIONS='-fexceptions'
USE_RTTI=''
USE_THREADS=''
VERSION='3.0.8'
WOVERLOADED_VIRTUAL=''
XGETTEXT=''
X_EXTRA_LIBS=''
X_INCLUDES='-I/usr/X11R6/include'
X_LDFLAGS='-L/usr/X11R6/lib'
X_PRE_LIBS=''
ac_ct_CC='gcc'
ac_ct_CXX='g++'
ac_ct_RANLIB='ranlib'
ac_ct_STRIP='strip'
all_includes='-I/usr/lib/qt3//include -I/usr/X11R6/include'
all_libraries='-L/usr/X11R6/lib -L/usr/lib/qt3//lib'
am__include='include'
am__quote=''
bindir='${exec_prefix}/bin'
build='i686-pc-linux-gnu'
build_alias=''
build_cpu='i686'
build_os='linux-gnu'
build_vendor='pc'
datadir='${prefix}/share'
exec_prefix='${prefix}'
host='i686-pc-linux-gnu'
host_alias=''
host_cpu='i686'
host_os='linux-gnu'
host_vendor='pc'
includedir='${prefix}/include'
infodir='${prefix}/info'
install_sh='/home/steak/devel/qrezix/admin/install-sh'
kde_appsdir=''
kde_bindir=''
kde_confdir=''
kde_datadir=''
kde_htmldir=''
kde_icondir=''
kde_includes=''
kde_libraries=''
kde_libs_htmldir=''
kde_libs_prefix=''
kde_locale=''
kde_mimedir=''
kde_moduledir=''
kde_qtver='3'
kde_servicesdir=''
kde_servicetypesdir=''
kde_sounddir=''
kde_styledir=''
kde_templatesdir=''
kde_wallpaperdir=''
kde_widgetdir=''
libdir='${exec_prefix}/lib'
libexecdir='${exec_prefix}/libexec'
localstatedir='${prefix}/var'
mandir='${prefix}/man'
oldincludedir='/usr/include'
prefix='/usr/local/kde'
program_transform_name='s,x,x,'
qt_includes='/usr/lib/qt3//include'
qt_libraries='/usr/lib/qt3//lib'
sbindir='${exec_prefix}/sbin'
sharedstatedir='${prefix}/com'
sysconfdir='${prefix}/etc'
target='i686-pc-linux-gnu'
target_alias=''
target_cpu='i686'
target_os='linux-gnu'
target_vendor='pc'
x_includes='/usr/X11R6/include'
x_libraries='/usr/X11R6/lib'

## ----------- ##
## confdefs.h. ##
## ----------- ##

#define HAVE_CRYPT 1
#define HAVE_DLFCN_H 1
#define HAVE_INTTYPES_H 1
#define HAVE_LIBJPEG 1
#define HAVE_LIBPNG 1
#define HAVE_LIBPTHREAD 1
#define HAVE_LIBZ 1
#define HAVE_MEMORY_H 1
#define HAVE_RES_INIT 1
#define HAVE_RES_INIT_PROTO 1
#define HAVE_SNPRINTF 1
#define HAVE_STDINT_H 1
#define HAVE_STDINT_H 1
#define HAVE_STDLIB_H 1
#define HAVE_STRINGS_H 1
#define HAVE_STRING_H 1
#define HAVE_SYS_STAT_H 1
#define HAVE_SYS_TYPES_H 1
#define HAVE_SYS_TYPES_H 1
#define HAVE_TEMPLATE_REPOSITORY 1
#define HAVE_UNISTD_H 1
#define HAVE_VSNPRINTF 1
#define KDELIBSUFF ""
#define PACKAGE "qrezix"
#define PACKAGE_BUGREPORT ""
#define PACKAGE_NAME ""
#define PACKAGE_STRING ""
#define PACKAGE_TARNAME ""
#define PACKAGE_VERSION ""
#define QREZIX_DATA_DIR "/usr/share/qrezix"
#define SIZEOF_CHAR 1
#define SIZEOF_CHAR_P 4
#define SIZEOF_INT 4
#define SIZEOF_LONG 4
#define STDC_HEADERS 1
#define VERSION "3.0.8"
#define ksize_t socklen_t
#endif
#ifdef __cplusplus
extern "C" void std::exit (int) throw (); using std::exit;

configure: exit 0
